2021-04-18 17:24:04.273  INFO 11296 --- [main] c.m.r.ReportingserviceApplicationTests   : Starting ReportingserviceApplicationTests using Java 1.8.0_201 on WINCTRL-2RFE763 with PID 11296 (started by Admin in C:\Users\Admin\Desktop\ModularBank\reportingservice\reportingservice)
2021-04-18 17:24:04.278  INFO 11296 --- [main] c.m.r.ReportingserviceApplicationTests   : No active profile set, falling back to default profiles: default
2021-04-18 17:24:16.905  WARN 11296 --- [main] o.m.s.mapper.ClassPathMapperScanner      : No MyBatis mapper was found in '[com.mybank.reportingservice.db.model]' package. Please check your configuration.
2021-04-18 17:24:17.717  INFO 11296 --- [main] o.s.j.d.e.EmbeddedDatabaseFactory        : Starting embedded database: url='jdbc:h2:mem:testdb;DB_CLOSE_DELAY=-1;DB_CLOSE_ON_EXIT=false', username='sa'
2021-04-18 17:24:21.078  INFO 11296 --- [main] pertySourcedRequestMappingHandlerMapping : Mapped URL path [/v2/api-docs] onto method [springfox.documentation.swagger2.web.Swagger2Controller#getDocumentation(String, HttpServletRequest)]
2021-04-18 17:24:22.531  INFO 11296 --- [main] o.s.s.concurrent.ThreadPoolTaskExecutor  : Initializing ExecutorService 'applicationTaskExecutor'
2021-04-18 17:24:27.776  INFO 11296 --- [main] d.s.w.p.DocumentationPluginsBootstrapper : Context refreshed
2021-04-18 17:24:27.841  INFO 11296 --- [main] d.s.w.p.DocumentationPluginsBootstrapper : Found 1 custom documentation plugin(s)
2021-04-18 17:24:27.945  INFO 11296 --- [main] s.d.s.w.s.ApiListingReferenceScanner     : Scanning for api listing references
2021-04-18 17:24:28.365  INFO 11296 --- [main] o.s.a.r.c.CachingConnectionFactory       : Attempting to connect to: [127.0.0.1:5672]
2021-04-18 17:24:28.619  INFO 11296 --- [main] o.s.a.r.c.CachingConnectionFactory       : Created new connection: rabbitConnectionFactory#cc334:0/SimpleConnection@1d79214 [delegate=amqp://guest@127.0.0.1:5672/, localPort= 52409]
2021-04-18 17:24:28.871  INFO 11296 --- [main] c.m.r.ReportingserviceApplicationTests   : Started ReportingserviceApplicationTests in 28.38 seconds (JVM running for 40.057)
2021-04-18 17:24:29.907  INFO 11296 --- [main] o.s.t.c.s.DefaultTestContextBootstrapper : Neither @ContextConfiguration nor @ContextHierarchy found for test class [com.mybank.reportingservice.ReportingserviceApplicationUnitTests], using DelegatingSmartContextLoader
2021-04-18 17:24:29.908  INFO 11296 --- [main] o.s.t.c.support.AbstractContextLoader    : Could not detect default resource locations for test class [com.mybank.reportingservice.ReportingserviceApplicationUnitTests]: no resource found for suffixes {-context.xml}.
2021-04-18 17:24:29.909  INFO 11296 --- [main] t.c.s.AnnotationConfigContextLoaderUtils : Could not detect default configuration classes for test class [com.mybank.reportingservice.ReportingserviceApplicationUnitTests]: ReportingserviceApplicationUnitTests does not declare any static, non-private, non-final, nested classes annotated with @Configuration.
2021-04-18 17:24:29.911  INFO 11296 --- [main] o.s.t.c.s.DefaultTestContextBootstrapper : Loaded default TestExecutionListener class names from location [META-INF/spring.factories]: [org.springframework.boot.test.mock.mockito.MockitoTestExecutionListener, org.springframework.boot.test.mock.mockito.ResetMocksTestExecutionListener, org.springframework.boot.test.autoconfigure.restdocs.RestDocsTestExecutionListener, org.springframework.boot.test.autoconfigure.web.client.MockRestServiceServerResetTestExecutionListener, org.springframework.boot.test.autoconfigure.web.servlet.MockMvcPrintOnlyOnFailureTestExecutionListener, org.springframework.boot.test.autoconfigure.web.servlet.WebDriverTestExecutionListener, org.springframework.boot.test.autoconfigure.webservices.client.MockWebServiceServerTestExecutionListener, org.springframework.test.context.web.ServletTestExecutionListener, org.springframework.test.context.support.DirtiesContextBeforeModesTestExecutionListener, org.springframework.test.context.event.ApplicationEventsTestExecutionListener, org.springframework.test.context.support.DependencyInjectionTestExecutionListener, org.springframework.test.context.support.DirtiesContextTestExecutionListener, org.springframework.test.context.transaction.TransactionalTestExecutionListener, org.springframework.test.context.jdbc.SqlScriptsTestExecutionListener, org.springframework.test.context.event.EventPublishingTestExecutionListener]
2021-04-18 17:24:29.912  INFO 11296 --- [main] o.s.t.c.s.DefaultTestContextBootstrapper : Using TestExecutionListeners: [org.springframework.test.context.web.ServletTestExecutionListener@14e34e4, org.springframework.test.context.support.DirtiesContextBeforeModesTestExecutionListener@2c6702, org.springframework.test.context.event.ApplicationEventsTestExecutionListener@1b7ab9c, org.springframework.boot.test.mock.mockito.MockitoTestExecutionListener@134ff92, org.springframework.test.context.support.DependencyInjectionTestExecutionListener@1eb0e84, org.springframework.test.context.support.DirtiesContextTestExecutionListener@e267cc, org.springframework.test.context.transaction.TransactionalTestExecutionListener@ebce87, org.springframework.test.context.jdbc.SqlScriptsTestExecutionListener@e37ca7, org.springframework.test.context.event.EventPublishingTestExecutionListener@175c0d1, org.springframework.boot.test.mock.mockito.ResetMocksTestExecutionListener@f617f4, org.springframework.boot.test.autoconfigure.restdocs.RestDocsTestExecutionListener@99799b, org.springframework.boot.test.autoconfigure.web.client.MockRestServiceServerResetTestExecutionListener@1ea226b, org.springframework.boot.test.autoconfigure.web.servlet.MockMvcPrintOnlyOnFailureTestExecutionListener@500e4f, org.springframework.boot.test.autoconfigure.web.servlet.WebDriverTestExecutionListener@91fe86, org.springframework.boot.test.autoconfigure.webservices.client.MockWebServiceServerTestExecutionListener@1c7152e]
2021-04-18 17:24:29.967 ERROR 11296 --- [main] o.s.test.context.TestContextManager      : Caught exception while allowing TestExecutionListener [org.springframework.boot.test.mock.mockito.MockitoTestExecutionListener@134ff92] to prepare test instance [com.mybank.reportingservice.ReportingserviceApplicationUnitTests@12682c]

java.lang.NoSuchMethodError: org.mockito.MockitoAnnotations.openMocks(Ljava/lang/Object;)Ljava/lang/AutoCloseable;
	at org.springframework.boot.test.mock.mockito.MockitoTestExecutionListener.initMocks(MockitoTestExecutionListener.java:83) ~[spring-boot-test-2.4.4.jar:2.4.4]
	at org.springframework.boot.test.mock.mockito.MockitoTestExecutionListener.prepareTestInstance(MockitoTestExecutionListener.java:60) ~[spring-boot-test-2.4.4.jar:2.4.4]
	at org.springframework.test.context.TestContextManager.prepareTestInstance(TestContextManager.java:244) ~[spring-test-5.3.5.jar:5.3.5]
	at org.springframework.test.context.junit.jupiter.SpringExtension.postProcessTestInstance(SpringExtension.java:138) [spring-test-5.3.5.jar:5.3.5]
	at org.junit.jupiter.engine.descriptor.ClassBasedTestDescriptor.lambda$invokeTestInstancePostProcessors$6(ClassBasedTestDescriptor.java:350) [junit-jupiter-engine-5.7.1.jar:5.7.1]
	at org.junit.jupiter.engine.descriptor.ClassBasedTestDescriptor.executeAndMaskThrowable(ClassBasedTestDescriptor.java:355) [junit-jupiter-engine-5.7.1.jar:5.7.1]
	at org.junit.jupiter.engine.descriptor.ClassBasedTestDescriptor.lambda$invokeTestInstancePostProcessors$7(ClassBasedTestDescriptor.java:350) [junit-jupiter-engine-5.7.1.jar:5.7.1]
	at java.util.stream.ReferencePipeline$3$1.accept(ReferencePipeline.java:193) ~[na:1.8.0_201]
	at java.util.stream.ReferencePipeline$2$1.accept(ReferencePipeline.java:175) ~[na:1.8.0_201]
	at java.util.ArrayList$ArrayListSpliterator.forEachRemaining(ArrayList.java:1382) ~[na:1.8.0_201]
	at java.util.stream.AbstractPipeline.copyInto(AbstractPipeline.java:481) ~[na:1.8.0_201]
	at java.util.stream.AbstractPipeline.wrapAndCopyInto(AbstractPipeline.java:471) ~[na:1.8.0_201]
	at java.util.stream.StreamSpliterators$WrappingSpliterator.forEachRemaining(StreamSpliterators.java:312) ~[na:1.8.0_201]
	at java.util.stream.Streams$ConcatSpliterator.forEachRemaining(Streams.java:743) ~[na:1.8.0_201]
	at java.util.stream.Streams$ConcatSpliterator.forEachRemaining(Streams.java:742) ~[na:1.8.0_201]
	at java.util.stream.ReferencePipeline$Head.forEach(ReferencePipeline.java:580) ~[na:1.8.0_201]
	at org.junit.jupiter.engine.descriptor.ClassBasedTestDescriptor.invokeTestInstancePostProcessors(ClassBasedTestDescriptor.java:349) [junit-jupiter-engine-5.7.1.jar:5.7.1]
	at org.junit.jupiter.engine.descriptor.ClassBasedTestDescriptor.lambda$instantiateAndPostProcessTestInstance$4(ClassBasedTestDescriptor.java:270) [junit-jupiter-engine-5.7.1.jar:5.7.1]
	at org.junit.platform.engine.support.hierarchical.ThrowableCollector.execute(ThrowableCollector.java:73) ~[junit-platform-engine-1.7.1.jar:1.7.1]
	at org.junit.jupiter.engine.descriptor.ClassBasedTestDescriptor.instantiateAndPostProcessTestInstance(ClassBasedTestDescriptor.java:269) [junit-jupiter-engine-5.7.1.jar:5.7.1]
	at org.junit.jupiter.engine.descriptor.ClassBasedTestDescriptor.lambda$testInstancesProvider$2(ClassBasedTestDescriptor.java:259) [junit-jupiter-engine-5.7.1.jar:5.7.1]
	at java.util.Optional.orElseGet(Optional.java:267) ~[na:1.8.0_201]
	at org.junit.jupiter.engine.descriptor.ClassBasedTestDescriptor.lambda$testInstancesProvider$3(ClassBasedTestDescriptor.java:258) [junit-jupiter-engine-5.7.1.jar:5.7.1]
	at org.junit.jupiter.engine.execution.TestInstancesProvider.getTestInstances(TestInstancesProvider.java:31) ~[junit-jupiter-engine-5.7.1.jar:5.7.1]
	at org.junit.jupiter.engine.descriptor.TestMethodTestDescriptor.lambda$prepare$0(TestMethodTestDescriptor.java:101) ~[junit-jupiter-engine-5.7.1.jar:5.7.1]
	at org.junit.platform.engine.support.hierarchical.ThrowableCollector.execute(ThrowableCollector.java:73) ~[junit-platform-engine-1.7.1.jar:1.7.1]
	at org.junit.jupiter.engine.descriptor.TestMethodTestDescriptor.prepare(TestMethodTestDescriptor.java:100) ~[junit-jupiter-engine-5.7.1.jar:5.7.1]
	at org.junit.jupiter.engine.descriptor.TestMethodTestDescriptor.prepare(TestMethodTestDescriptor.java:65) ~[junit-jupiter-engine-5.7.1.jar:5.7.1]
	at org.junit.platform.engine.support.hierarchical.NodeTestTask.lambda$prepare$1(NodeTestTask.java:111) ~[junit-platform-engine-1.7.1.jar:1.7.1]
	at org.junit.platform.engine.support.hierarchical.ThrowableCollector.execute(ThrowableCollector.java:73) ~[junit-platform-engine-1.7.1.jar:1.7.1]
	at org.junit.platform.engine.support.hierarchical.NodeTestTask.prepare(NodeTestTask.java:111) ~[junit-platform-engine-1.7.1.jar:1.7.1]
	at org.junit.platform.engine.support.hierarchical.NodeTestTask.execute(NodeTestTask.java:79) ~[junit-platform-engine-1.7.1.jar:1.7.1]
	at java.util.ArrayList.forEach(ArrayList.java:1257) ~[na:1.8.0_201]
	at org.junit.platform.engine.support.hierarchical.SameThreadHierarchicalTestExecutorService.invokeAll(SameThreadHierarchicalTestExecutorService.java:38) ~[junit-platform-engine-1.7.1.jar:1.7.1]
	at org.junit.platform.engine.support.hierarchical.NodeTestTask.lambda$executeRecursively$5(NodeTestTask.java:143) ~[junit-platform-engine-1.7.1.jar:1.7.1]
	at org.junit.platform.engine.support.hierarchical.ThrowableCollector.execute(ThrowableCollector.java:73) ~[junit-platform-engine-1.7.1.jar:1.7.1]
	at org.junit.platform.engine.support.hierarchical.NodeTestTask.lambda$executeRecursively$7(NodeTestTask.java:129) ~[junit-platform-engine-1.7.1.jar:1.7.1]
	at org.junit.platform.engine.support.hierarchical.Node.around(Node.java:137) ~[junit-platform-engine-1.7.1.jar:1.7.1]
	at org.junit.platform.engine.support.hierarchical.NodeTestTask.lambda$executeRecursively$8(NodeTestTask.java:127) ~[junit-platform-engine-1.7.1.jar:1.7.1]
	at org.junit.platform.engine.support.hierarchical.ThrowableCollector.execute(ThrowableCollector.java:73) ~[junit-platform-engine-1.7.1.jar:1.7.1]
	at org.junit.platform.engine.support.hierarchical.NodeTestTask.executeRecursively(NodeTestTask.java:126) ~[junit-platform-engine-1.7.1.jar:1.7.1]
	at org.junit.platform.engine.support.hierarchical.NodeTestTask.execute(NodeTestTask.java:84) ~[junit-platform-engine-1.7.1.jar:1.7.1]
	at java.util.ArrayList.forEach(ArrayList.java:1257) ~[na:1.8.0_201]
	at org.junit.platform.engine.support.hierarchical.SameThreadHierarchicalTestExecutorService.invokeAll(SameThreadHierarchicalTestExecutorService.java:38) ~[junit-platform-engine-1.7.1.jar:1.7.1]
	at org.junit.platform.engine.support.hierarchical.NodeTestTask.lambda$executeRecursively$5(NodeTestTask.java:143) ~[junit-platform-engine-1.7.1.jar:1.7.1]
	at org.junit.platform.engine.support.hierarchical.ThrowableCollector.execute(ThrowableCollector.java:73) ~[junit-platform-engine-1.7.1.jar:1.7.1]
	at org.junit.platform.engine.support.hierarchical.NodeTestTask.lambda$executeRecursively$7(NodeTestTask.java:129) ~[junit-platform-engine-1.7.1.jar:1.7.1]
	at org.junit.platform.engine.support.hierarchical.Node.around(Node.java:137) ~[junit-platform-engine-1.7.1.jar:1.7.1]
	at org.junit.platform.engine.support.hierarchical.NodeTestTask.lambda$executeRecursively$8(NodeTestTask.java:127) ~[junit-platform-engine-1.7.1.jar:1.7.1]
	at org.junit.platform.engine.support.hierarchical.ThrowableCollector.execute(ThrowableCollector.java:73) ~[junit-platform-engine-1.7.1.jar:1.7.1]
	at org.junit.platform.engine.support.hierarchical.NodeTestTask.executeRecursively(NodeTestTask.java:126) ~[junit-platform-engine-1.7.1.jar:1.7.1]
	at org.junit.platform.engine.support.hierarchical.NodeTestTask.execute(NodeTestTask.java:84) ~[junit-platform-engine-1.7.1.jar:1.7.1]
	at org.junit.platform.engine.support.hierarchical.SameThreadHierarchicalTestExecutorService.submit(SameThreadHierarchicalTestExecutorService.java:32) ~[junit-platform-engine-1.7.1.jar:1.7.1]
	at org.junit.platform.engine.support.hierarchical.HierarchicalTestExecutor.execute(HierarchicalTestExecutor.java:57) ~[junit-platform-engine-1.7.1.jar:1.7.1]
	at org.junit.platform.engine.support.hierarchical.HierarchicalTestEngine.execute(HierarchicalTestEngine.java:51) ~[junit-platform-engine-1.7.1.jar:1.7.1]
	at org.junit.platform.launcher.core.DefaultLauncher.execute(DefaultLauncher.java:220) ~[junit-platform-launcher-1.3.1.jar:1.3.1]
	at org.junit.platform.launcher.core.DefaultLauncher.lambda$execute$6(DefaultLauncher.java:188) ~[junit-platform-launcher-1.3.1.jar:1.3.1]
	at org.junit.platform.launcher.core.DefaultLauncher.withInterceptedStreams(DefaultLauncher.java:202) ~[junit-platform-launcher-1.3.1.jar:1.3.1]
	at org.junit.platform.launcher.core.DefaultLauncher.execute(DefaultLauncher.java:181) ~[junit-platform-launcher-1.3.1.jar:1.3.1]
	at org.junit.platform.launcher.core.DefaultLauncher.execute(DefaultLauncher.java:128) ~[junit-platform-launcher-1.3.1.jar:1.3.1]
	at org.apache.maven.surefire.junitplatform.JUnitPlatformProvider.invokeAllTests(JUnitPlatformProvider.java:150) ~[surefire-junit-platform-2.22.2.jar:2.22.2]
	at org.apache.maven.surefire.junitplatform.JUnitPlatformProvider.invoke(JUnitPlatformProvider.java:124) ~[surefire-junit-platform-2.22.2.jar:2.22.2]
	at org.apache.maven.surefire.booter.ForkedBooter.invokeProviderInSameClassLoader(ForkedBooter.java:384) ~[surefire-booter-2.22.2.jar:2.22.2]
	at org.apache.maven.surefire.booter.ForkedBooter.runSuitesInProcess(ForkedBooter.java:345) ~[surefire-booter-2.22.2.jar:2.22.2]
	at org.apache.maven.surefire.booter.ForkedBooter.execute(ForkedBooter.java:126) ~[surefire-booter-2.22.2.jar:2.22.2]
	at org.apache.maven.surefire.booter.ForkedBooter.main(ForkedBooter.java:418) ~[surefire-booter-2.22.2.jar:2.22.2]

2021-04-18 17:24:30.091  INFO 11296 --- [SpringContextShutdownHook] o.s.a.r.l.SimpleMessageListenerContainer : Waiting for workers to finish.
2021-04-18 17:24:30.827  INFO 11296 --- [SpringContextShutdownHook] o.s.a.r.l.SimpleMessageListenerContainer : Successfully waited for workers to finish.
2021-04-18 17:24:30.861  INFO 11296 --- [SpringContextShutdownHook] o.s.a.r.l.SimpleMessageListenerContainer : Shutdown ignored - container is not active already
2021-04-18 17:24:30.872  INFO 11296 --- [SpringContextShutdownHook] o.s.s.concurrent.ThreadPoolTaskExecutor  : Shutting down ExecutorService 'applicationTaskExecutor'
2021-04-18 17:32:17.876  INFO 11456 --- [restartedMain] c.m.r.ReportingserviceApplication        : Starting ReportingserviceApplication using Java 1.8.0_201 on WINCTRL-2RFE763 with PID 11456 (C:\Users\Admin\Desktop\ModularBank\reportingservice\reportingservice\target\classes started by Admin in C:\Users\Admin\Desktop\ModularBank\reportingservice\reportingservice)
2021-04-18 17:32:17.876  INFO 11456 --- [restartedMain] c.m.r.ReportingserviceApplication        : No active profile set, falling back to default profiles: default
2021-04-18 17:32:18.005  INFO 11456 --- [restartedMain] .e.DevToolsPropertyDefaultsPostProcessor : Devtools property defaults active! Set 'spring.devtools.add-properties' to 'false' to disable
2021-04-18 17:32:18.006  INFO 11456 --- [restartedMain] .e.DevToolsPropertyDefaultsPostProcessor : For additional web related logging consider setting the 'logging.level.web' property to 'DEBUG'
2021-04-18 17:32:19.445  WARN 11456 --- [restartedMain] o.m.s.mapper.ClassPathMapperScanner      : No MyBatis mapper was found in '[com.mybank.reportingservice.db.model]' package. Please check your configuration.
2021-04-18 17:32:20.695  INFO 11456 --- [restartedMain] o.s.b.w.embedded.tomcat.TomcatWebServer  : Tomcat initialized with port(s): 8080 (http)
2021-04-18 17:32:20.727  INFO 11456 --- [restartedMain] o.apache.catalina.core.StandardService   : Starting service [Tomcat]
2021-04-18 17:32:20.727  INFO 11456 --- [restartedMain] org.apache.catalina.core.StandardEngine  : Starting Servlet engine: [Apache Tomcat/9.0.44]
2021-04-18 17:32:20.992  INFO 11456 --- [restartedMain] o.a.c.c.C.[Tomcat].[localhost].[/]       : Initializing Spring embedded WebApplicationContext
2021-04-18 17:32:20.992  INFO 11456 --- [restartedMain] w.s.c.ServletWebServerApplicationContext : Root WebApplicationContext: initialization completed in 2986 ms
2021-04-18 17:32:21.182  INFO 11456 --- [restartedMain] o.s.j.d.e.EmbeddedDatabaseFactory        : Starting embedded database: url='jdbc:h2:mem:testdb;DB_CLOSE_DELAY=-1;DB_CLOSE_ON_EXIT=false', username='sa'
2021-04-18 17:32:22.370  INFO 11456 --- [restartedMain] pertySourcedRequestMappingHandlerMapping : Mapped URL path [/v2/api-docs] onto method [springfox.documentation.swagger2.web.Swagger2Controller#getDocumentation(String, HttpServletRequest)]
2021-04-18 17:32:22.480  INFO 11456 --- [restartedMain] o.s.s.concurrent.ThreadPoolTaskExecutor  : Initializing ExecutorService 'applicationTaskExecutor'
2021-04-18 17:32:22.572  INFO 11456 --- [restartedMain] o.s.b.d.a.OptionalLiveReloadServer       : LiveReload server is running on port 35729
2021-04-18 17:32:23.920  INFO 11456 --- [restartedMain] o.s.b.w.embedded.tomcat.TomcatWebServer  : Tomcat started on port(s): 8080 (http) with context path ''
2021-04-18 17:32:23.920  INFO 11456 --- [restartedMain] d.s.w.p.DocumentationPluginsBootstrapper : Context refreshed
2021-04-18 17:32:23.952  INFO 11456 --- [restartedMain] d.s.w.p.DocumentationPluginsBootstrapper : Found 1 custom documentation plugin(s)
2021-04-18 17:32:23.999  INFO 11456 --- [restartedMain] s.d.s.w.s.ApiListingReferenceScanner     : Scanning for api listing references
2021-04-18 17:32:24.154  INFO 11456 --- [restartedMain] o.s.a.r.c.CachingConnectionFactory       : Attempting to connect to: [127.0.0.1:5672]
2021-04-18 17:32:24.294  INFO 11456 --- [restartedMain] o.s.a.r.c.CachingConnectionFactory       : Created new connection: rabbitConnectionFactory#10a09f0:0/SimpleConnection@c3eeab [delegate=amqp://guest@127.0.0.1:5672/, localPort= 52490]
2021-04-18 17:32:24.372  INFO 11456 --- [restartedMain] c.m.r.ReportingserviceApplication        : Started ReportingserviceApplication in 7.462 seconds (JVM running for 8.343)
2021-04-18 17:32:24.372  INFO 11456 --- [restartedMain] c.m.r.ReportingserviceApplication        : **********Started application***********
2021-04-18 17:36:24.308  INFO 936 --- [main] c.m.r.ReportingserviceApplicationTests   : Starting ReportingserviceApplicationTests using Java 1.8.0_201 on WINCTRL-2RFE763 with PID 936 (started by Admin in C:\Users\Admin\Desktop\ModularBank\reportingservice\reportingservice)
2021-04-18 17:36:24.386  INFO 936 --- [main] c.m.r.ReportingserviceApplicationTests   : No active profile set, falling back to default profiles: default
2021-04-18 17:36:29.958  WARN 936 --- [main] o.m.s.mapper.ClassPathMapperScanner      : No MyBatis mapper was found in '[com.mybank.reportingservice.db.model]' package. Please check your configuration.
2021-04-18 17:36:30.677  INFO 936 --- [main] o.s.j.d.e.EmbeddedDatabaseFactory        : Starting embedded database: url='jdbc:h2:mem:testdb;DB_CLOSE_DELAY=-1;DB_CLOSE_ON_EXIT=false', username='sa'
2021-04-18 17:36:33.421  INFO 936 --- [main] pertySourcedRequestMappingHandlerMapping : Mapped URL path [/v2/api-docs] onto method [springfox.documentation.swagger2.web.Swagger2Controller#getDocumentation(String, HttpServletRequest)]
2021-04-18 17:36:34.170  INFO 936 --- [main] o.s.s.concurrent.ThreadPoolTaskExecutor  : Initializing ExecutorService 'applicationTaskExecutor'
2021-04-18 17:36:36.779  INFO 936 --- [main] d.s.w.p.DocumentationPluginsBootstrapper : Context refreshed
2021-04-18 17:36:36.889  INFO 936 --- [main] d.s.w.p.DocumentationPluginsBootstrapper : Found 1 custom documentation plugin(s)
2021-04-18 17:36:36.982  INFO 936 --- [main] s.d.s.w.s.ApiListingReferenceScanner     : Scanning for api listing references
2021-04-18 17:36:37.232  INFO 936 --- [main] o.s.a.r.c.CachingConnectionFactory       : Attempting to connect to: [127.0.0.1:5672]
2021-04-18 17:36:37.528  INFO 936 --- [main] o.s.a.r.c.CachingConnectionFactory       : Created new connection: rabbitConnectionFactory#d697ab:0/SimpleConnection@db3b3c [delegate=amqp://guest@127.0.0.1:5672/, localPort= 52516]
2021-04-18 17:36:37.698  INFO 936 --- [main] c.m.r.ReportingserviceApplicationTests   : Started ReportingserviceApplicationTests in 15.142 seconds (JVM running for 40.485)
2021-04-18 17:36:37.808  INFO 936 --- [SpringContextShutdownHook] o.s.a.r.l.SimpleMessageListenerContainer : Waiting for workers to finish.
2021-04-18 17:36:38.733  INFO 936 --- [SpringContextShutdownHook] o.s.a.r.l.SimpleMessageListenerContainer : Successfully waited for workers to finish.
2021-04-18 17:36:38.749  INFO 936 --- [SpringContextShutdownHook] o.s.a.r.l.SimpleMessageListenerContainer : Shutdown ignored - container is not active already
2021-04-18 17:36:38.780  INFO 936 --- [SpringContextShutdownHook] o.s.s.concurrent.ThreadPoolTaskExecutor  : Shutting down ExecutorService 'applicationTaskExecutor'
2021-04-18 17:38:29.648  INFO 13340 --- [restartedMain] c.m.r.ReportingserviceApplication        : Starting ReportingserviceApplication using Java 1.8.0_201 on WINCTRL-2RFE763 with PID 13340 (C:\Users\Admin\Desktop\ModularBank\reportingservice\reportingservice\target\classes started by Admin in C:\Users\Admin\Desktop\ModularBank\reportingservice\reportingservice)
2021-04-18 17:38:29.648  INFO 13340 --- [restartedMain] c.m.r.ReportingserviceApplication        : No active profile set, falling back to default profiles: default
2021-04-18 17:38:29.758  INFO 13340 --- [restartedMain] .e.DevToolsPropertyDefaultsPostProcessor : Devtools property defaults active! Set 'spring.devtools.add-properties' to 'false' to disable
2021-04-18 17:38:29.758  INFO 13340 --- [restartedMain] .e.DevToolsPropertyDefaultsPostProcessor : For additional web related logging consider setting the 'logging.level.web' property to 'DEBUG'
2021-04-18 17:38:31.040  WARN 13340 --- [restartedMain] o.m.s.mapper.ClassPathMapperScanner      : No MyBatis mapper was found in '[com.mybank.reportingservice.db.model]' package. Please check your configuration.
2021-04-18 17:38:31.962  INFO 13340 --- [restartedMain] o.s.b.w.embedded.tomcat.TomcatWebServer  : Tomcat initialized with port(s): 8080 (http)
2021-04-18 17:38:31.978  INFO 13340 --- [restartedMain] o.apache.catalina.core.StandardService   : Starting service [Tomcat]
2021-04-18 17:38:31.993  INFO 13340 --- [restartedMain] org.apache.catalina.core.StandardEngine  : Starting Servlet engine: [Apache Tomcat/9.0.44]
2021-04-18 17:38:32.136  INFO 13340 --- [restartedMain] o.a.c.c.C.[Tomcat].[localhost].[/]       : Initializing Spring embedded WebApplicationContext
2021-04-18 17:38:32.136  INFO 13340 --- [restartedMain] w.s.c.ServletWebServerApplicationContext : Root WebApplicationContext: initialization completed in 2378 ms
2021-04-18 17:38:32.293  INFO 13340 --- [restartedMain] o.s.j.d.e.EmbeddedDatabaseFactory        : Starting embedded database: url='jdbc:h2:mem:testdb;DB_CLOSE_DELAY=-1;DB_CLOSE_ON_EXIT=false', username='sa'
2021-04-18 17:38:33.326  INFO 13340 --- [restartedMain] pertySourcedRequestMappingHandlerMapping : Mapped URL path [/v2/api-docs] onto method [springfox.documentation.swagger2.web.Swagger2Controller#getDocumentation(String, HttpServletRequest)]
2021-04-18 17:38:33.437  INFO 13340 --- [restartedMain] o.s.s.concurrent.ThreadPoolTaskExecutor  : Initializing ExecutorService 'applicationTaskExecutor'
2021-04-18 17:38:33.499  INFO 13340 --- [restartedMain] o.s.b.d.a.OptionalLiveReloadServer       : LiveReload server is running on port 35729
2021-04-18 17:38:34.220  INFO 13340 --- [restartedMain] o.s.b.w.embedded.tomcat.TomcatWebServer  : Tomcat started on port(s): 8080 (http) with context path ''
2021-04-18 17:38:34.220  INFO 13340 --- [restartedMain] d.s.w.p.DocumentationPluginsBootstrapper : Context refreshed
2021-04-18 17:38:34.251  INFO 13340 --- [restartedMain] d.s.w.p.DocumentationPluginsBootstrapper : Found 1 custom documentation plugin(s)
2021-04-18 17:38:34.298  INFO 13340 --- [restartedMain] s.d.s.w.s.ApiListingReferenceScanner     : Scanning for api listing references
2021-04-18 17:38:34.473  INFO 13340 --- [restartedMain] o.s.a.r.c.CachingConnectionFactory       : Attempting to connect to: [127.0.0.1:5672]
2021-04-18 17:38:34.552  INFO 13340 --- [restartedMain] o.s.a.r.c.CachingConnectionFactory       : Created new connection: rabbitConnectionFactory#2e7097:0/SimpleConnection@c3eeab [delegate=amqp://guest@127.0.0.1:5672/, localPort= 52537]
2021-04-18 17:38:34.614  INFO 13340 --- [restartedMain] c.m.r.ReportingserviceApplication        : Started ReportingserviceApplication in 5.623 seconds (JVM running for 6.458)
2021-04-18 17:38:34.630  INFO 13340 --- [restartedMain] c.m.r.ReportingserviceApplication        : **********Started application***********
2021-04-18 17:40:02.499  INFO 10968 --- [main] c.m.r.ReportingserviceApplicationTests   : Starting ReportingserviceApplicationTests using Java 1.8.0_201 on WINCTRL-2RFE763 with PID 10968 (started by Admin in C:\Users\Admin\Desktop\ModularBank\reportingservice\reportingservice)
2021-04-18 17:40:02.515  INFO 10968 --- [main] c.m.r.ReportingserviceApplicationTests   : No active profile set, falling back to default profiles: default
2021-04-18 17:40:03.732  WARN 10968 --- [main] o.m.s.mapper.ClassPathMapperScanner      : No MyBatis mapper was found in '[com.mybank.reportingservice.db.model]' package. Please check your configuration.
2021-04-18 17:40:04.091  INFO 10968 --- [main] o.s.j.d.e.EmbeddedDatabaseFactory        : Starting embedded database: url='jdbc:h2:mem:testdb;DB_CLOSE_DELAY=-1;DB_CLOSE_ON_EXIT=false', username='sa'
2021-04-18 17:40:05.436  INFO 10968 --- [main] pertySourcedRequestMappingHandlerMapping : Mapped URL path [/v2/api-docs] onto method [springfox.documentation.swagger2.web.Swagger2Controller#getDocumentation(String, HttpServletRequest)]
2021-04-18 17:40:06.099  INFO 10968 --- [main] o.s.s.concurrent.ThreadPoolTaskExecutor  : Initializing ExecutorService 'applicationTaskExecutor'
2021-04-18 17:40:07.816  INFO 10968 --- [main] d.s.w.p.DocumentationPluginsBootstrapper : Context refreshed
2021-04-18 17:40:07.895  INFO 10968 --- [main] d.s.w.p.DocumentationPluginsBootstrapper : Found 1 custom documentation plugin(s)
2021-04-18 17:40:07.989  INFO 10968 --- [main] s.d.s.w.s.ApiListingReferenceScanner     : Scanning for api listing references
2021-04-18 17:40:08.142  INFO 10968 --- [main] o.s.a.r.c.CachingConnectionFactory       : Attempting to connect to: [127.0.0.1:5672]
2021-04-18 17:40:08.345  INFO 10968 --- [main] o.s.a.r.c.CachingConnectionFactory       : Created new connection: rabbitConnectionFactory#1b1ce78:0/SimpleConnection@51336a [delegate=amqp://guest@127.0.0.1:5672/, localPort= 52545]
2021-04-18 17:40:08.486  INFO 10968 --- [main] c.m.r.ReportingserviceApplicationTests   : Started ReportingserviceApplicationTests in 6.353 seconds (JVM running for 10.989)
2021-04-18 17:40:08.532  INFO 10968 --- [SpringContextShutdownHook] o.s.a.r.l.SimpleMessageListenerContainer : Waiting for workers to finish.
2021-04-18 17:40:09.519  INFO 10968 --- [SpringContextShutdownHook] o.s.a.r.l.SimpleMessageListenerContainer : Successfully waited for workers to finish.
2021-04-18 17:40:09.534  INFO 10968 --- [SpringContextShutdownHook] o.s.a.r.l.SimpleMessageListenerContainer : Shutdown ignored - container is not active already
2021-04-18 17:40:09.551  INFO 10968 --- [SpringContextShutdownHook] o.s.s.concurrent.ThreadPoolTaskExecutor  : Shutting down ExecutorService 'applicationTaskExecutor'
2021-04-18 17:41:50.268  INFO 12576 --- [main] c.m.r.ReportingserviceApplicationTests   : Starting ReportingserviceApplicationTests using Java 1.8.0_201 on WINCTRL-2RFE763 with PID 12576 (started by Admin in C:\Users\Admin\Desktop\ModularBank\reportingservice\reportingservice)
2021-04-18 17:41:50.268  INFO 12576 --- [main] c.m.r.ReportingserviceApplicationTests   : No active profile set, falling back to default profiles: default
2021-04-18 17:41:51.958  WARN 12576 --- [main] o.m.s.mapper.ClassPathMapperScanner      : No MyBatis mapper was found in '[com.mybank.reportingservice.db.model]' package. Please check your configuration.
2021-04-18 17:41:52.521  INFO 12576 --- [main] o.s.j.d.e.EmbeddedDatabaseFactory        : Starting embedded database: url='jdbc:h2:mem:testdb;DB_CLOSE_DELAY=-1;DB_CLOSE_ON_EXIT=false', username='sa'
2021-04-18 17:41:54.476  INFO 12576 --- [main] pertySourcedRequestMappingHandlerMapping : Mapped URL path [/v2/api-docs] onto method [springfox.documentation.swagger2.web.Swagger2Controller#getDocumentation(String, HttpServletRequest)]
2021-04-18 17:41:55.151  INFO 12576 --- [main] o.s.s.concurrent.ThreadPoolTaskExecutor  : Initializing ExecutorService 'applicationTaskExecutor'
2021-04-18 17:41:56.807  INFO 12576 --- [main] d.s.w.p.DocumentationPluginsBootstrapper : Context refreshed
2021-04-18 17:41:56.886  INFO 12576 --- [main] d.s.w.p.DocumentationPluginsBootstrapper : Found 1 custom documentation plugin(s)
2021-04-18 17:41:57.042  INFO 12576 --- [main] s.d.s.w.s.ApiListingReferenceScanner     : Scanning for api listing references
2021-04-18 17:41:57.619  INFO 12576 --- [main] o.s.a.r.c.CachingConnectionFactory       : Attempting to connect to: [127.0.0.1:5672]
2021-04-18 17:41:57.809  INFO 12576 --- [main] o.s.a.r.c.CachingConnectionFactory       : Created new connection: rabbitConnectionFactory#1b1ce78:0/SimpleConnection@51336a [delegate=amqp://guest@127.0.0.1:5672/, localPort= 52557]
2021-04-18 17:41:57.950  INFO 12576 --- [main] c.m.r.ReportingserviceApplicationTests   : Started ReportingserviceApplicationTests in 7.99 seconds (JVM running for 11.423)
2021-04-18 17:41:57.981  INFO 12576 --- [SpringContextShutdownHook] o.s.a.r.l.SimpleMessageListenerContainer : Waiting for workers to finish.
2021-04-18 17:41:58.970  INFO 12576 --- [SpringContextShutdownHook] o.s.a.r.l.SimpleMessageListenerContainer : Successfully waited for workers to finish.
2021-04-18 17:41:58.986  INFO 12576 --- [SpringContextShutdownHook] o.s.a.r.l.SimpleMessageListenerContainer : Shutdown ignored - container is not active already
2021-04-18 17:41:59.002  INFO 12576 --- [SpringContextShutdownHook] o.s.s.concurrent.ThreadPoolTaskExecutor  : Shutting down ExecutorService 'applicationTaskExecutor'
2021-04-18 17:46:34.250  INFO 9000 --- [main] c.m.r.ReportingserviceApplicationTests   : Starting ReportingserviceApplicationTests using Java 1.8.0_201 on WINCTRL-2RFE763 with PID 9000 (started by Admin in C:\Users\Admin\Desktop\ModularBank\reportingservice\reportingservice)
2021-04-18 17:46:34.266  INFO 9000 --- [main] c.m.r.ReportingserviceApplicationTests   : No active profile set, falling back to default profiles: default
2021-04-18 17:46:36.768  WARN 9000 --- [main] o.m.s.mapper.ClassPathMapperScanner      : No MyBatis mapper was found in '[com.mybank.reportingservice.db.model]' package. Please check your configuration.
2021-04-18 17:46:37.553  INFO 9000 --- [main] o.s.j.d.e.EmbeddedDatabaseFactory        : Starting embedded database: url='jdbc:h2:mem:testdb;DB_CLOSE_DELAY=-1;DB_CLOSE_ON_EXIT=false', username='sa'
2021-04-18 17:46:39.959  INFO 9000 --- [main] pertySourcedRequestMappingHandlerMapping : Mapped URL path [/v2/api-docs] onto method [springfox.documentation.swagger2.web.Swagger2Controller#getDocumentation(String, HttpServletRequest)]
2021-04-18 17:46:40.617  INFO 9000 --- [main] o.s.s.concurrent.ThreadPoolTaskExecutor  : Initializing ExecutorService 'applicationTaskExecutor'
2021-04-18 17:46:45.169  INFO 9000 --- [main] d.s.w.p.DocumentationPluginsBootstrapper : Context refreshed
2021-04-18 17:46:45.451  INFO 9000 --- [main] d.s.w.p.DocumentationPluginsBootstrapper : Found 1 custom documentation plugin(s)
2021-04-18 17:46:45.753  INFO 9000 --- [main] s.d.s.w.s.ApiListingReferenceScanner     : Scanning for api listing references
2021-04-18 17:46:46.216  INFO 9000 --- [main] o.s.a.r.c.CachingConnectionFactory       : Attempting to connect to: [127.0.0.1:5672]
2021-04-18 17:46:46.875  INFO 9000 --- [main] o.s.a.r.c.CachingConnectionFactory       : Created new connection: rabbitConnectionFactory#1e80ece:0/SimpleConnection@1a94d0f [delegate=amqp://guest@127.0.0.1:5672/, localPort= 52603]
2021-04-18 17:46:47.074  INFO 9000 --- [main] c.m.r.ReportingserviceApplicationTests   : Started ReportingserviceApplicationTests in 13.436 seconds (JVM running for 23.887)
2021-04-18 17:46:47.230  INFO 9000 --- [SpringContextShutdownHook] o.s.a.r.l.SimpleMessageListenerContainer : Waiting for workers to finish.
2021-04-18 17:46:48.125  INFO 9000 --- [SpringContextShutdownHook] o.s.a.r.l.SimpleMessageListenerContainer : Successfully waited for workers to finish.
2021-04-18 17:46:48.141  INFO 9000 --- [SpringContextShutdownHook] o.s.a.r.l.SimpleMessageListenerContainer : Shutdown ignored - container is not active already
2021-04-18 17:46:48.157  INFO 9000 --- [SpringContextShutdownHook] o.s.s.concurrent.ThreadPoolTaskExecutor  : Shutting down ExecutorService 'applicationTaskExecutor'
2021-04-18 17:48:25.632  INFO 6792 --- [main] c.m.r.ReportingserviceApplicationTests   : Starting ReportingserviceApplicationTests using Java 1.8.0_201 on WINCTRL-2RFE763 with PID 6792 (started by Admin in C:\Users\Admin\Desktop\ModularBank\reportingservice\reportingservice)
2021-04-18 17:48:25.648  INFO 6792 --- [main] c.m.r.ReportingserviceApplicationTests   : No active profile set, falling back to default profiles: default
2021-04-18 17:48:28.131  WARN 6792 --- [main] o.m.s.mapper.ClassPathMapperScanner      : No MyBatis mapper was found in '[com.mybank.reportingservice.db.model]' package. Please check your configuration.
2021-04-18 17:48:28.764  INFO 6792 --- [main] o.s.j.d.e.EmbeddedDatabaseFactory        : Starting embedded database: url='jdbc:h2:mem:testdb;DB_CLOSE_DELAY=-1;DB_CLOSE_ON_EXIT=false', username='sa'
2021-04-18 17:48:30.930  INFO 6792 --- [main] pertySourcedRequestMappingHandlerMapping : Mapped URL path [/v2/api-docs] onto method [springfox.documentation.swagger2.web.Swagger2Controller#getDocumentation(String, HttpServletRequest)]
2021-04-18 17:48:31.680  INFO 6792 --- [main] o.s.s.concurrent.ThreadPoolTaskExecutor  : Initializing ExecutorService 'applicationTaskExecutor'
2021-04-18 17:48:33.878  INFO 6792 --- [main] d.s.w.p.DocumentationPluginsBootstrapper : Context refreshed
2021-04-18 17:48:33.959  INFO 6792 --- [main] d.s.w.p.DocumentationPluginsBootstrapper : Found 1 custom documentation plugin(s)
2021-04-18 17:48:34.062  INFO 6792 --- [main] s.d.s.w.s.ApiListingReferenceScanner     : Scanning for api listing references
2021-04-18 17:48:34.273  INFO 6792 --- [main] o.s.a.r.c.CachingConnectionFactory       : Attempting to connect to: [127.0.0.1:5672]
2021-04-18 17:48:34.537  INFO 6792 --- [main] o.s.a.r.c.CachingConnectionFactory       : Created new connection: rabbitConnectionFactory#133e20b:0/SimpleConnection@11b44f [delegate=amqp://guest@127.0.0.1:5672/, localPort= 52616]
2021-04-18 17:48:34.684  INFO 6792 --- [main] c.m.r.ReportingserviceApplicationTests   : Started ReportingserviceApplicationTests in 10.603 seconds (JVM running for 26.062)
2021-04-18 17:48:34.794  INFO 6792 --- [SpringContextShutdownHook] o.s.a.r.l.SimpleMessageListenerContainer : Waiting for workers to finish.
2021-04-18 17:48:35.761  INFO 6792 --- [SpringContextShutdownHook] o.s.a.r.l.SimpleMessageListenerContainer : Successfully waited for workers to finish.
2021-04-18 17:48:35.793  INFO 6792 --- [SpringContextShutdownHook] o.s.a.r.l.SimpleMessageListenerContainer : Shutdown ignored - container is not active already
2021-04-18 17:48:35.793  INFO 6792 --- [SpringContextShutdownHook] o.s.s.concurrent.ThreadPoolTaskExecutor  : Shutting down ExecutorService 'applicationTaskExecutor'
2021-04-18 17:49:22.378  INFO 10284 --- [main] c.m.r.ReportingserviceApplicationTests   : Starting ReportingserviceApplicationTests using Java 1.8.0_201 on WINCTRL-2RFE763 with PID 10284 (started by Admin in C:\Users\Admin\Desktop\ModularBank\reportingservice\reportingservice)
2021-04-18 17:49:22.378  INFO 10284 --- [main] c.m.r.ReportingserviceApplicationTests   : No active profile set, falling back to default profiles: default
2021-04-18 17:49:25.209  WARN 10284 --- [main] o.m.s.mapper.ClassPathMapperScanner      : No MyBatis mapper was found in '[com.mybank.reportingservice.db.model]' package. Please check your configuration.
2021-04-18 17:49:26.100  INFO 10284 --- [main] o.s.j.d.e.EmbeddedDatabaseFactory        : Starting embedded database: url='jdbc:h2:mem:testdb;DB_CLOSE_DELAY=-1;DB_CLOSE_ON_EXIT=false', username='sa'
2021-04-18 17:49:28.847  INFO 10284 --- [main] pertySourcedRequestMappingHandlerMapping : Mapped URL path [/v2/api-docs] onto method [springfox.documentation.swagger2.web.Swagger2Controller#getDocumentation(String, HttpServletRequest)]
2021-04-18 17:49:29.448  INFO 10284 --- [main] o.s.s.concurrent.ThreadPoolTaskExecutor  : Initializing ExecutorService 'applicationTaskExecutor'
2021-04-18 17:49:31.203  INFO 10284 --- [main] d.s.w.p.DocumentationPluginsBootstrapper : Context refreshed
2021-04-18 17:49:31.282  INFO 10284 --- [main] d.s.w.p.DocumentationPluginsBootstrapper : Found 1 custom documentation plugin(s)
2021-04-18 17:49:31.407  INFO 10284 --- [main] s.d.s.w.s.ApiListingReferenceScanner     : Scanning for api listing references
2021-04-18 17:49:31.641  INFO 10284 --- [main] o.s.a.r.c.CachingConnectionFactory       : Attempting to connect to: [127.0.0.1:5672]
2021-04-18 17:49:31.860  INFO 10284 --- [main] o.s.a.r.c.CachingConnectionFactory       : Created new connection: rabbitConnectionFactory#1ac02d5:0/SimpleConnection@1dc782d [delegate=amqp://guest@127.0.0.1:5672/, localPort= 52620]
2021-04-18 17:49:32.031  INFO 10284 --- [main] c.m.r.ReportingserviceApplicationTests   : Started ReportingserviceApplicationTests in 10.308 seconds (JVM running for 14.978)
2021-04-18 17:49:32.078  INFO 10284 --- [SpringContextShutdownHook] o.s.a.r.l.SimpleMessageListenerContainer : Waiting for workers to finish.
2021-04-18 17:49:33.061  INFO 10284 --- [SpringContextShutdownHook] o.s.a.r.l.SimpleMessageListenerContainer : Successfully waited for workers to finish.
2021-04-18 17:49:33.109  INFO 10284 --- [SpringContextShutdownHook] o.s.a.r.l.SimpleMessageListenerContainer : Shutdown ignored - container is not active already
2021-04-18 17:49:33.109  INFO 10284 --- [SpringContextShutdownHook] o.s.s.concurrent.ThreadPoolTaskExecutor  : Shutting down ExecutorService 'applicationTaskExecutor'
